{"level":"info","message":"Posts obtidos com sucesso"}
{"level":"info","message":"Posts obtidos com sucesso"}
{"level":"info","message":"Posts obtidos com sucesso"}
{"level":"info","message":"Posts obtidos com sucesso"}
{"level":"info","message":"Posts obtidos com sucesso"}
{"level":"info","message":"Posts obtidos com sucesso"}
{"level":"info","message":"Posts obtidos com sucesso"}
{"level":"info","message":"Posts obtidos com sucesso"}
{"level":"info","message":"Posts obtidos com sucesso"}
{"level":"info","message":"Posts obtidos com sucesso"}
{"level":"info","message":"Posts obtidos com sucesso"}
{"level":"info","message":"Posts obtidos com sucesso"}
{"level":"info","message":"Posts obtidos com sucesso"}
{"level":"info","message":"Posts obtidos com sucesso"}
{"level":"info","message":"Posts obtidos com sucesso"}
{"level":"info","message":"Posts obtidos com sucesso"}
{"level":"info","message":"Posts obtidos com sucesso"}
{"level":"info","message":"Posts obtidos com sucesso"}
{"level":"info","message":"Posts obtidos com sucesso"}
{"level":"info","message":"Posts obtidos com sucesso"}
{"level":"info","message":"Posts obtidos com sucesso"}
{"level":"info","message":"Posts obtidos com sucesso"}
{"level":"info","message":"Posts obtidos com sucesso"}
{"level":"info","message":"Posts obtidos com sucesso"}
{"level":"info","message":"Posts obtidos com sucesso"}
{"level":"info","message":"Posts obtidos com sucesso"}
{"level":"info","message":"Posts obtidos com sucesso"}
{"level":"info","message":"Posts obtidos com sucesso"}
{"level":"info","message":"Posts obtidos com sucesso"}
{"level":"info","message":"Posts obtidos com sucesso"}
{"level":"info","message":"Posts obtidos com sucesso"}
{"level":"info","message":"Posts obtidos com sucesso"}
{"level":"info","message":"Posts obtidos com sucesso"}
{"level":"info","message":"Posts obtidos com sucesso"}
{"level":"info","message":"Posts obtidos com sucesso"}
{"level":"info","message":"Posts obtidos com sucesso"}
{"level":"info","message":"Posts obtidos com sucesso"}
{"level":"info","message":"Posts obtidos com sucesso"}
{"level":"info","message":"Posts obtidos com sucesso"}
{"level":"info","message":"Posts obtidos com sucesso"}
{"level":"info","message":"Posts obtidos com sucesso"}
{"level":"info","message":"Posts obtidos com sucesso"}
{"level":"info","message":"Posts obtidos com sucesso"}
{"level":"info","message":"Posts obtidos com sucesso"}
{"level":"info","message":"Posts obtidos com sucesso"}
{"level":"info","message":"Posts obtidos com sucesso"}
{"level":"info","message":"Posts obtidos com sucesso"}
{"level":"info","message":"Posts obtidos com sucesso"}
{"level":"info","message":"Posts obtidos com sucesso"}
{"level":"info","message":"Posts obtidos com sucesso"}
{"level":"info","message":"Posts obtidos com sucesso"}
{"level":"info","message":"Posts obtidos com sucesso"}
{"level":"info","message":"Posts obtidos com sucesso"}
{"level":"info","message":"Posts obtidos com sucesso"}
{"level":"info","message":"Posts obtidos com sucesso"}
{"level":"info","message":"Posts obtidos com sucesso"}
{"level":"info","message":"Posts obtidos com sucesso"}
{"level":"info","message":"Posts obtidos com sucesso"}
{"level":"info","message":"Posts obtidos com sucesso"}
{"level":"info","message":"Posts obtidos com sucesso"}
{"level":"info","message":"Posts obtidos com sucesso"}
{"level":"info","message":"Posts obtidos com sucesso"}
{"level":"info","message":"Posts obtidos com sucesso"}
{"level":"info","message":"Posts obtidos com sucesso"}
{"level":"info","message":"Posts obtidos com sucesso"}
{"level":"info","message":"Posts obtidos com sucesso"}
{"level":"info","message":"Posts obtidos com sucesso"}
{"level":"info","message":"Posts obtidos com sucesso"}
{"level":"info","message":"Posts obtidos com sucesso"}
{"level":"info","message":"Posts obtidos com sucesso"}
{"level":"info","message":"Posts obtidos com sucesso"}
{"level":"info","message":"Posts obtidos com sucesso"}
{"level":"info","message":"Posts obtidos com sucesso"}
{"level":"info","message":"Posts obtidos com sucesso"}
{"level":"info","message":"Posts obtidos com sucesso"}
{"level":"info","message":"Posts obtidos com sucesso"}
{"level":"info","message":"Posts obtidos com sucesso"}
{"level":"info","message":"Posts obtidos com sucesso"}
{"level":"info","message":"Posts obtidos com sucesso"}
{"level":"info","message":"Posts obtidos com sucesso"}
{"level":"info","message":"Posts obtidos com sucesso"}
{"level":"info","message":"Posts obtidos com sucesso"}
{"level":"info","message":"Posts obtidos com sucesso"}
{"level":"info","message":"Posts obtidos com sucesso"}
{"level":"info","message":"Posts obtidos com sucesso"}
{"level":"info","message":"Posts obtidos com sucesso"}
{"level":"info","message":"Posts obtidos com sucesso"}
{"level":"info","message":"Posts obtidos com sucesso"}
{"level":"info","message":"Posts obtidos com sucesso"}
{"level":"info","message":"Posts obtidos com sucesso"}
{"level":"info","message":"Posts obtidos com sucesso"}
{"level":"info","message":"Posts obtidos com sucesso"}
{"level":"info","message":"Posts obtidos com sucesso"}
{"level":"info","message":"Posts obtidos com sucesso"}
{"level":"info","message":"Posts obtidos com sucesso"}
{"level":"info","message":"Posts obtidos com sucesso"}
{"level":"error","message":"Ops, alguma coisa correu mal"}
{"level":"info","message":"Post obtido com sucesso"}
{"level":"info","message":"Post obtido com sucesso"}
{"level":"info","message":"Post obtido com sucesso"}
{"level":"info","message":"Post obtido com sucesso"}
{"level":"info","message":"Post obtido com sucesso"}
{"level":"info","message":"Post obtido com sucesso"}
{"level":"info","message":"Post obtido com sucesso"}
{"level":"info","message":"Post obtido com sucesso"}
{"level":"info","message":"Post obtido com sucesso"}
{"level":"info","message":"Post obtido com sucesso"}
{"level":"info","message":"Post obtido com sucesso"}
{"level":"info","message":"Post obtido com sucesso"}
{"level":"info","message":"Post obtido com sucesso"}
{"level":"info","message":"Post obtido com sucesso"}
{"level":"info","message":"Post obtido com sucesso"}
{"level":"info","message":"Post obtido com sucesso"}
{"level":"info","message":"Post obtido com sucesso"}
{"level":"info","message":"Post obtido com sucesso"}
{"level":"info","message":"Post obtido com sucesso"}
{"level":"info","message":"Post obtido com sucesso"}
{"level":"info","message":"Post obtido com sucesso"}
{"level":"info","message":"Post obtido com sucesso"}
{"level":"info","message":"Post obtido com sucesso"}
{"level":"info","message":"Post obtido com sucesso"}
{"level":"info","message":"Post obtido com sucesso"}
{"level":"info","message":"Post obtido com sucesso"}
{"level":"info","message":"Post obtido com sucesso"}
{"level":"info","message":"Post obtido com sucesso"}
{"level":"info","message":"Post obtido com sucesso"}
{"level":"info","message":"Post obtido com sucesso"}
{"level":"info","message":"Post obtido com sucesso"}
{"error":{},"level":"error","message":"Falha ao obter posts"}
{"error":{},"level":"error","message":"Falha ao obter posts"}
{"error":{},"level":"error","message":"Falha ao obter posts"}
{"error":{},"level":"error","message":"Falha ao obter posts"}
{"error":{},"level":"error","message":"Falha ao obter posts"}
{"error":{},"level":"error","message":"Falha ao obter posts"}
{"error":{},"level":"error","message":"Falha ao obter posts"}
{"error":{},"level":"error","message":"Falha ao obter posts"}
{"error":{},"level":"error","message":"Falha ao obter posts"}
{"error":{},"level":"error","message":"Falha ao obter o post com o slug: ","slug":"construindo-spa-com-vuejss"}
{"error":{"clientVersion":"6.8.2","name":"PrismaClientInitializationError"},"level":"error","message":"Falha ao obter posts"}
{"error":{"clientVersion":"6.8.2","name":"PrismaClientInitializationError"},"level":"error","message":"Falha ao obter posts"}
{"error":{},"level":"error","message":"Falha ao obter posts"}
{"error":{},"level":"error","message":"Falha ao obter posts"}
{"error":{"clientVersion":"6.8.2","name":"PrismaClientInitializationError"},"level":"error","message":"Falha ao obter posts"}
{"error":{"clientVersion":"6.8.2","name":"PrismaClientInitializationError"},"level":"error","message":"Falha ao obter posts"}
{"error":{"clientVersion":"6.8.2","name":"PrismaClientInitializationError"},"level":"error","message":"Falha ao obter posts"}
{"error":{"clientVersion":"6.8.2","name":"PrismaClientInitializationError"},"level":"error","message":"Falha ao obter posts"}
{"error":{"clientVersion":"6.8.2","name":"PrismaClientInitializationError"},"level":"error","message":"Falha ao obter posts"}
{"error":{"clientVersion":"6.8.2","name":"PrismaClientInitializationError"},"level":"error","message":"Falha ao obter posts"}
{"error":{"clientVersion":"6.8.2","name":"PrismaClientInitializationError"},"level":"error","message":"Falha ao obter posts"}
{"error":{"clientVersion":"6.8.2","name":"PrismaClientInitializationError"},"level":"error","message":"Falha ao obter posts"}
{"error":{"clientVersion":"6.8.2","name":"PrismaClientInitializationError"},"level":"error","message":"Falha ao obter posts"}
{"error":{"clientVersion":"6.8.2","name":"PrismaClientInitializationError"},"level":"error","message":"Falha ao obter posts"}
{"error":{"clientVersion":"6.8.2","name":"PrismaClientInitializationError"},"level":"error","message":"Falha ao obter posts"}
{"error":{"clientVersion":"6.8.2","name":"PrismaClientInitializationError"},"level":"error","message":"Falha ao obter posts"}
{"error":{"clientVersion":"6.8.2","name":"PrismaClientInitializationError"},"level":"error","message":"Falha ao obter posts"}
{"error":{"clientVersion":"6.8.2","name":"PrismaClientInitializationError"},"level":"error","message":"Falha ao obter posts"}
{"error":{"clientVersion":"6.8.2","name":"PrismaClientInitializationError"},"level":"error","message":"Falha ao obter posts"}
{"error":{"clientVersion":"6.8.2","name":"PrismaClientInitializationError"},"level":"error","message":"Falha ao obter posts"}
{"error":{"clientVersion":"6.8.2","name":"PrismaClientInitializationError"},"level":"error","message":"Falha ao obter posts"}
{"error":{"clientVersion":"6.8.2","name":"PrismaClientInitializationError"},"level":"error","message":"Falha ao obter posts"}
{"error":{"clientVersion":"6.8.2","name":"PrismaClientInitializationError"},"level":"error","message":"Falha ao obter posts"}
{"error":{"clientVersion":"6.8.2","name":"PrismaClientInitializationError"},"level":"error","message":"Falha ao obter posts"}
{"error":{"clientVersion":"6.8.2","name":"PrismaClientInitializationError"},"level":"error","message":"Falha ao obter posts"}
{"error":{"clientVersion":"6.8.2","name":"PrismaClientInitializationError"},"level":"error","message":"Falha ao obter posts"}
{"error":{"clientVersion":"6.8.2","name":"PrismaClientInitializationError"},"level":"error","message":"Falha ao obter posts"}
{"error":{"clientVersion":"6.8.2","name":"PrismaClientInitializationError"},"level":"error","message":"Falha ao obter posts"}
{"error":{"clientVersion":"6.8.2","name":"PrismaClientInitializationError"},"level":"error","message":"Falha ao obter posts"}
{"error":{"clientVersion":"6.8.2","name":"PrismaClientInitializationError"},"level":"error","message":"Falha ao obter posts"}
{"error":{"clientVersion":"6.8.2","name":"PrismaClientInitializationError"},"level":"error","message":"Falha ao obter posts"}
{"error":{"clientVersion":"6.8.2","name":"PrismaClientInitializationError"},"level":"error","message":"Falha ao obter posts"}
{"error":{"clientVersion":"6.8.2","name":"PrismaClientInitializationError"},"level":"error","message":"Falha ao obter posts"}
{"error":{"clientVersion":"6.8.2","name":"PrismaClientInitializationError"},"level":"error","message":"Falha ao obter posts"}
